c:\users\txj12\documents\visual studio 2017\projects\simplerasterizer\simplerasterizer\debug\vc141.pdb
c:\users\txj12\documents\visual studio 2017\projects\simplerasterizer\simplerasterizer\debug\vc141.idb
c:\users\txj12\documents\visual studio 2017\projects\simplerasterizer\simplerasterizer\debug\directxlib.obj
c:\users\txj12\documents\visual studio 2017\projects\simplerasterizer\simplerasterizer\debug\matrix.obj
c:\users\txj12\documents\visual studio 2017\projects\simplerasterizer\simplerasterizer\debug\main.obj
c:\users\txj12\documents\visual studio 2017\projects\simplerasterizer\simplerasterizer\debug\rasterizer.obj
c:\users\txj12\documents\visual studio 2017\projects\simplerasterizer\simplerasterizer\debug\rendermanager.obj
c:\users\txj12\documents\visual studio 2017\projects\simplerasterizer\simplerasterizer\debug\renderwindow.obj
c:\users\txj12\documents\visual studio 2017\projects\simplerasterizer\simplerasterizer\debug\texture.obj
c:\users\txj12\documents\visual studio 2017\projects\simplerasterizer\simplerasterizer\debug\vector3.obj
c:\users\txj12\documents\visual studio 2017\projects\simplerasterizer\simplerasterizer\debug\vertex.obj
c:\users\txj12\documents\visual studio 2017\projects\simplerasterizer\simplerasterizer\debug\math.obj
c:\users\txj12\documents\visual studio 2017\projects\simplerasterizer\debug\simplerasterizer.pdb
c:\users\txj12\documents\visual studio 2017\projects\simplerasterizer\simplerasterizer\debug\simplerasterizer.tlog\cl.command.1.tlog
c:\users\txj12\documents\visual studio 2017\projects\simplerasterizer\simplerasterizer\debug\simplerasterizer.tlog\cl.read.1.tlog
c:\users\txj12\documents\visual studio 2017\projects\simplerasterizer\simplerasterizer\debug\simplerasterizer.tlog\cl.write.1.tlog
c:\users\txj12\documents\visual studio 2017\projects\simplerasterizer\simplerasterizer\debug\simplerasterizer.tlog\link-cvtres.read.1.tlog
c:\users\txj12\documents\visual studio 2017\projects\simplerasterizer\simplerasterizer\debug\simplerasterizer.tlog\link-cvtres.write.1.tlog
c:\users\txj12\documents\visual studio 2017\projects\simplerasterizer\simplerasterizer\debug\simplerasterizer.tlog\link-rc.read.1.tlog
c:\users\txj12\documents\visual studio 2017\projects\simplerasterizer\simplerasterizer\debug\simplerasterizer.tlog\link-rc.write.1.tlog
c:\users\txj12\documents\visual studio 2017\projects\simplerasterizer\simplerasterizer\debug\simplerasterizer.tlog\link.command.1.tlog
c:\users\txj12\documents\visual studio 2017\projects\simplerasterizer\simplerasterizer\debug\simplerasterizer.tlog\link.read.1.tlog
c:\users\txj12\documents\visual studio 2017\projects\simplerasterizer\simplerasterizer\debug\simplerasterizer.tlog\link.write.1.tlog
